{"ts":1718100126650,"action":"FILE_OPENED","file":"/README.md","tags":{"FILE_LINE_OF_CODE":"2"}}
{"ts":1718100126839,"action":"PROJECT_OPENED","tags":{"PROJECT_NAME":"DarkChess_CS109_Project"}}
{"ts":1718100156207,"action":"IDE_DEACTIVATED"}
{"ts":1718100156525,"action":"PROJECT_CLOSED","tags":{"PROJECT_NAME":"DarkChess_CS109_Project"}}
{"ts":1718100164337,"action":"FILE_OPENED","file":"/README.md","tags":{"FILE_LINE_OF_CODE":"2"}}
{"ts":1718100164469,"action":"PROJECT_OPENED","tags":{"PROJECT_NAME":"DarkChess_CS109_Project"}}
{"ts":1718100229100,"action":"FILE_CLOSED","file":"/README.md","tags":{"FILE_LINE_OF_CODE":"2"}}
{"ts":1718100229100,"action":"FILE_OPENED","file":"/code/DarkChess/pom.xml","tags":{"FILE_LINE_OF_CODE":"98"}}
{"ts":1718100231110,"action":"FILE_CLOSED","file":"/code/DarkChess/pom.xml","tags":{"FILE_LINE_OF_CODE":"98"}}
{"ts":1718100231113,"action":"FILE_OPENED","file":"/README.md","tags":{"FILE_LINE_OF_CODE":"2"}}
{"ts":1718100234796,"action":"FILE_CLOSED","file":"/README.md","tags":{"FILE_LINE_OF_CODE":"2"}}
{"ts":1718100234796,"action":"FILE_OPENED","file":"/code/DarkChess/src/main/java/module-info.java","tags":{"FILE_LINE_OF_CODE":"34"}}
{"ts":1718100246568,"action":"FILE_CLOSED","file":"/code/DarkChess/src/main/java/module-info.java","tags":{"FILE_LINE_OF_CODE":"34"}}
{"ts":1718100246568,"action":"FILE_OPENED","file":"/code/DarkChess/src/main/java/Windows/Transmitter.java","tags":{"FILE_LINE_OF_CODE":"43"}}
{"ts":1718100250538,"action":"FILE_CLOSED","file":"/code/DarkChess/src/main/java/Windows/Transmitter.java","tags":{"FILE_LINE_OF_CODE":"43"}}
{"ts":1718100250541,"action":"FILE_OPENED","file":"/code/DarkChess/src/main/java/module-info.java","tags":{"FILE_LINE_OF_CODE":"34"}}
{"ts":1718100251590,"action":"IDE_DEACTIVATED"}
{"ts":1718100277408,"action":"IDE_ACTIVATED"}
{"ts":1718100301306,"action":"FILE_CLOSED","file":"/code/DarkChess/src/main/java/module-info.java","tags":{"FILE_LINE_OF_CODE":"34"}}
{"ts":1718100301306,"action":"FILE_OPENED","file":"/code/DarkChess/pom.xml","tags":{"FILE_LINE_OF_CODE":"98"}}
{"ts":1718100306189,"action":"FILE_CLOSED","file":"/code/DarkChess/pom.xml","tags":{"FILE_LINE_OF_CODE":"98"}}
{"ts":1718100306191,"action":"FILE_OPENED","file":"/code/DarkChess/src/main/java/module-info.java","tags":{"FILE_LINE_OF_CODE":"34"}}
{"ts":1718100307924,"action":"FILE_CLOSED","file":"/code/DarkChess/src/main/java/module-info.java","tags":{"FILE_LINE_OF_CODE":"34"}}
{"ts":1718100307924,"action":"FILE_OPENED","file":"/code/DarkChess/mvnw.cmd","tags":{"FILE_LINE_OF_CODE":"189"}}
{"ts":1718100321132,"action":"IDE_DEACTIVATED"}
{"ts":1718100322993,"action":"IDE_ACTIVATED"}
{"ts":1718100395463,"action":"FILE_CLOSED","file":"/Code/DarkChess/mvnw.cmd","tags":{"FILE_LINE_OF_CODE":"189"}}
{"ts":1718100395463,"action":"FILE_OPENED","file":"/Code/DarkChess/src/main/java/module-info.java","tags":{"FILE_LINE_OF_CODE":"34"}}
{"ts":1718100427960,"action":"FILE_CLOSED","file":"/Code/DarkChess/src/main/java/module-info.java","tags":{"FILE_LINE_OF_CODE":"34"}}
{"ts":1718100427960,"action":"FILE_OPENED","file":"/Code/DarkChess/mvnw.cmd","tags":{"FILE_LINE_OF_CODE":"189"}}
{"ts":1718100429409,"action":"FILE_CLOSED","file":"/Code/DarkChess/mvnw.cmd","tags":{"FILE_LINE_OF_CODE":"189"}}
{"ts":1718100429411,"action":"FILE_OPENED","file":"/Code/DarkChess/src/main/java/module-info.java","tags":{"FILE_LINE_OF_CODE":"34"}}
{"ts":1718100435093,"action":"FILE_CLOSED","file":"/Code/DarkChess/src/main/java/module-info.java","tags":{"FILE_LINE_OF_CODE":"34"}}
{"ts":1718100435093,"action":"FILE_OPENED","file":"/Code/DarkChess/pom.xml","tags":{"FILE_LINE_OF_CODE":"98"}}
{"ts":1718100438612,"action":"FILE_CLOSED","file":"/Code/DarkChess/pom.xml","tags":{"FILE_LINE_OF_CODE":"98"}}
{"ts":1718100438614,"action":"FILE_OPENED","file":"/Code/DarkChess/src/main/java/module-info.java","tags":{"FILE_LINE_OF_CODE":"34"}}
{"ts":1718100456650,"action":"IDE_DEACTIVATED"}
{"ts":1718100466198,"action":"IDE_ACTIVATED"}
{"ts":1718100468776,"action":"IDE_DEACTIVATED"}
{"ts":1718100476667,"action":"IDE_ACTIVATED"}
{"ts":1718100480961,"action":"IDE_DEACTIVATED"}
{"ts":1718100487956,"action":"IDE_ACTIVATED"}
{"ts":1718100492221,"action":"FILE_CLOSED","file":"/Code/DarkChess/src/main/java/module-info.java","tags":{"FILE_LINE_OF_CODE":"34"}}
{"ts":1718100492221,"action":"FILE_OPENED","file":"/Code/DarkChess/pom.xml","tags":{"FILE_LINE_OF_CODE":"98"}}
{"ts":1718100568758,"action":"IDE_DEACTIVATED"}
{"ts":1718100595779,"action":"IDE_ACTIVATED"}
{"ts":1718100601516,"action":"IDE_DEACTIVATED"}
{"ts":1718100609167,"action":"IDE_ACTIVATED"}
{"ts":1718100622751,"action":"IDE_DEACTIVATED"}
{"ts":1718100679835,"action":"IDE_ACTIVATED"}
{"ts":1718100705456,"action":"IDE_DEACTIVATED"}
{"ts":1718100708069,"action":"IDE_ACTIVATED"}
{"ts":1718100710145,"action":"IDE_DEACTIVATED"}
{"ts":1718100720836,"action":"IDE_ACTIVATED"}
{"ts":1718100728056,"action":"IDE_DEACTIVATED"}
{"ts":1718100735647,"action":"IDE_ACTIVATED"}
{"ts":1718100741511,"action":"IDE_DEACTIVATED"}
{"ts":1718100751745,"action":"IDE_ACTIVATED"}
{"ts":1718100760958,"action":"IDE_DEACTIVATED"}
{"ts":1718100761841,"action":"IDE_ACTIVATED"}
{"ts":1718100775306,"action":"FILE_CLOSED","file":"/Code/DarkChess/pom.xml","tags":{"FILE_LINE_OF_CODE":"98"}}
{"ts":1718100775306,"action":"FILE_OPENED","file":"/Code/DarkChess/mvnw.cmd","tags":{"FILE_LINE_OF_CODE":"189"}}
{"ts":1718100775893,"action":"FILE_CLOSED","file":"/Code/DarkChess/mvnw.cmd","tags":{"FILE_LINE_OF_CODE":"189"}}
{"ts":1718100775893,"action":"FILE_OPENED","file":"/Code/DarkChess/pom.xml","tags":{"FILE_LINE_OF_CODE":"98"}}
{"ts":1718100778091,"action":"FILE_CLOSED","file":"/Code/DarkChess/pom.xml","tags":{"FILE_LINE_OF_CODE":"98"}}
{"ts":1718100778093,"action":"FILE_OPENED","file":"/Code/DarkChess/src/main/java/module-info.java","tags":{"FILE_LINE_OF_CODE":"34"}}
{"ts":1718100779716,"action":"FILE_CLOSED","file":"/Code/DarkChess/src/main/java/module-info.java","tags":{"FILE_LINE_OF_CODE":"34"}}
{"ts":1718100779718,"action":"FILE_OPENED","file":"/README.md","tags":{"FILE_LINE_OF_CODE":"2"}}
{"ts":1718100780755,"action":"FILE_CLOSED","file":"/README.md","tags":{"FILE_LINE_OF_CODE":"2"}}
{"ts":1718100780755,"action":"FILE_OPENED","file":"/Code/DarkChess/mvnw.cmd","tags":{"FILE_LINE_OF_CODE":"189"}}
{"ts":1718100781678,"action":"FILE_CLOSED","file":"/Code/DarkChess/mvnw.cmd","tags":{"FILE_LINE_OF_CODE":"189"}}
{"ts":1718100781678,"action":"FILE_OPENED","file":"/Code/DarkChess/pom.xml","tags":{"FILE_LINE_OF_CODE":"98"}}
{"ts":1718100808212,"action":"IDE_DEACTIVATED"}
{"ts":1718100849586,"action":"IDE_ACTIVATED"}
{"ts":1718100870598,"action":"IDE_DEACTIVATED"}
{"ts":1718100870709,"action":"PROJECT_CLOSED","tags":{"PROJECT_NAME":"DarkChess_CS109_Project"}}
{"ts":1718100876789,"action":"FILE_OPENED","file":"/Code/DarkChess/pom.xml","tags":{"FILE_LINE_OF_CODE":"98"}}
{"ts":1718100876862,"action":"PROJECT_OPENED","tags":{"PROJECT_NAME":"DarkChess_CS109_Project"}}
{"ts":1718100888525,"action":"PROJECT_CLOSED","tags":{"PROJECT_NAME":"DarkChess_CS109_Project"}}
{"ts":1718100923121,"action":"FILE_OPENED","file":"/Code/DarkChess/pom.xml","tags":{"FILE_LINE_OF_CODE":"98"}}
{"ts":1718100923374,"action":"PROJECT_OPENED","tags":{"PROJECT_NAME":"DarkChess_CS109_Project"}}
{"ts":1718100961985,"action":"IDE_DEACTIVATED"}
{"ts":1718100963891,"action":"IDE_ACTIVATED"}
{"ts":1718101051512,"action":"IDE_DEACTIVATED"}
{"ts":1718101088352,"action":"IDE_ACTIVATED"}
{"ts":1718101092110,"action":"IDE_DEACTIVATED"}
{"ts":1718101096024,"action":"IDE_ACTIVATED"}
{"ts":1718101097390,"action":"IDE_DEACTIVATED"}
{"ts":1718101126828,"action":"IDE_ACTIVATED"}
{"ts":1718101132683,"action":"FILE_CLOSED","file":"/Code/DarkChess/pom.xml","tags":{"FILE_LINE_OF_CODE":"98"}}
{"ts":1718101140523,"action":"IDE_DEACTIVATED"}
{"ts":1718101147140,"action":"IDE_ACTIVATED"}
{"ts":1718101153992,"action":"IDE_DEACTIVATED"}
{"ts":1718101156204,"action":"IDE_ACTIVATED"}
{"ts":1718101170033,"action":"IDE_DEACTIVATED"}
{"ts":1718101193546,"action":"IDE_ACTIVATED"}
{"ts":1718101195754,"action":"IDE_DEACTIVATED"}
{"ts":1718101195864,"action":"IDE_ACTIVATED"}
{"ts":1718101196536,"action":"IDE_DEACTIVATED"}
{"ts":1718101196621,"action":"IDE_ACTIVATED"}
{"ts":1718101197353,"action":"IDE_DEACTIVATED"}
{"ts":1718101197424,"action":"IDE_ACTIVATED"}
{"ts":1718101199934,"action":"IDE_DEACTIVATED"}
{"ts":1718101202466,"action":"IDE_ACTIVATED"}
{"ts":1718101219323,"action":"FILE_OPENED","file":"/Code/DarkChess/pom.xml","tags":{"FILE_LINE_OF_CODE":"98"}}
{"ts":1718101236578,"action":"IDE_DEACTIVATED"}
{"ts":1718101250671,"action":"IDE_ACTIVATED"}
{"ts":1718101253391,"action":"IDE_DEACTIVATED"}
{"ts":1718101261453,"action":"IDE_ACTIVATED"}
{"ts":1718101265108,"action":"IDE_DEACTIVATED"}
{"ts":1718101322003,"action":"IDE_ACTIVATED"}
{"ts":1718101381478,"action":"IDE_DEACTIVATED"}
{"ts":1718101382577,"action":"IDE_ACTIVATED"}
{"ts":1718101386225,"action":"FILE_CLOSED","file":"/Code/DarkChess/pom.xml","tags":{"FILE_LINE_OF_CODE":"103"}}
{"ts":1718101390279,"action":"FILE_OPENED","file":"/Code/DarkChess/pom.xml","tags":{"FILE_LINE_OF_CODE":"103"}}
{"ts":1718101393300,"action":"FILE_CLOSED","file":"/Code/DarkChess/pom.xml","tags":{"FILE_LINE_OF_CODE":"103"}}
{"ts":1718101393302,"action":"FILE_OPENED","file":"/Code/DarkChess/mvnw.cmd","tags":{"FILE_LINE_OF_CODE":"189"}}
{"ts":1718101395564,"action":"FILE_CLOSED","file":"/Code/DarkChess/mvnw.cmd","tags":{"FILE_LINE_OF_CODE":"189"}}
{"ts":1718101395566,"action":"FILE_OPENED","file":"/README.md","tags":{"FILE_LINE_OF_CODE":"2"}}
{"ts":1718101406105,"action":"FILE_CLOSED","file":"/README.md","tags":{"FILE_LINE_OF_CODE":"2"}}
{"ts":1718101406105,"action":"FILE_OPENED","file":"/Code/DarkChess/pom.xml","tags":{"FILE_LINE_OF_CODE":"103"}}
{"ts":1718101427483,"action":"IDE_DEACTIVATED"}
{"ts":1718101457703,"action":"IDE_ACTIVATED"}
{"ts":1718101472149,"action":"IDE_DEACTIVATED"}
{"ts":1718101487458,"action":"IDE_ACTIVATED"}
{"ts":1718101490599,"action":"IDE_DEACTIVATED"}
{"ts":1718101518681,"action":"IDE_ACTIVATED"}
{"ts":1718101520333,"action":"IDE_DEACTIVATED"}
{"ts":1718101538879,"action":"IDE_ACTIVATED"}
{"ts":1718101553055,"action":"IDE_DEACTIVATED"}
{"ts":1718101582009,"action":"IDE_ACTIVATED"}
{"ts":1718101589197,"action":"FILE_CLOSED","file":"/Code/DarkChess/pom.xml","tags":{"FILE_LINE_OF_CODE":"97"}}
{"ts":1718101614053,"action":"FILE_OPENED","file":"/Code/DarkChess/pom.xml","tags":{"FILE_LINE_OF_CODE":"97"}}
{"ts":1718101614055,"action":"FILE_CLOSED","file":"/Code/DarkChess/pom.xml","tags":{"FILE_LINE_OF_CODE":"97"}}
{"ts":1718101614055,"action":"FILE_OPENED","file":"/Code/DarkChess/DarkChess.iml","tags":{"FILE_LINE_OF_CODE":"6"}}
{"ts":1718101616224,"action":"FILE_CLOSED","file":"/Code/DarkChess/DarkChess.iml","tags":{"FILE_LINE_OF_CODE":"6"}}
{"ts":1718101616226,"action":"FILE_OPENED","file":"/Code/DarkChess/pom.xml","tags":{"FILE_LINE_OF_CODE":"97"}}
{"ts":1718101669576,"action":"FILE_CLOSED","file":"/Code/DarkChess/pom.xml","tags":{"FILE_LINE_OF_CODE":"97"}}
{"ts":1718101677288,"action":"FILE_OPENED","file":"/Code/DarkChess/pom.xml","tags":{"FILE_LINE_OF_CODE":"97"}}
{"ts":1718101681477,"action":"FILE_CLOSED","file":"/Code/DarkChess/pom.xml","tags":{"FILE_LINE_OF_CODE":"97"}}
{"ts":1718101681477,"action":"FILE_OPENED","file":"/Code/DarkChess/src/main/java/module-info.java","tags":{"FILE_LINE_OF_CODE":"34"}}
{"ts":1718101701072,"action":"IDE_DEACTIVATED"}
{"ts":1718101711531,"action":"IDE_ACTIVATED"}
{"ts":1718101711562,"action":"FILE_CLOSED","file":"/Code/DarkChess/src/main/java/module-info.java","tags":{"FILE_LINE_OF_CODE":"34"}}
{"ts":1718101711562,"action":"FILE_OPENED","file":"/Code/DarkChess/pom.xml","tags":{"FILE_LINE_OF_CODE":"97"}}
{"ts":1718101730124,"action":"IDE_DEACTIVATED"}
{"ts":1718101736706,"action":"IDE_ACTIVATED"}
{"ts":1718101736733,"action":"FILE_CLOSED","file":"/Code/DarkChess/pom.xml","tags":{"FILE_LINE_OF_CODE":"97"}}
{"ts":1718101736733,"action":"FILE_OPENED","file":"/Code/DarkChess/src/main/java/module-info.java","tags":{"FILE_LINE_OF_CODE":"34"}}
{"ts":1718101739755,"action":"FILE_CLOSED","file":"/Code/DarkChess/src/main/java/module-info.java","tags":{"FILE_LINE_OF_CODE":"34"}}
{"ts":1718101739756,"action":"FILE_OPENED","file":"/Code/DarkChess/pom.xml","tags":{"FILE_LINE_OF_CODE":"97"}}
{"ts":1718101742648,"action":"FILE_CLOSED","file":"/Code/DarkChess/pom.xml","tags":{"FILE_LINE_OF_CODE":"97"}}
{"ts":1718101742648,"action":"FILE_OPENED","file":"/Code/DarkChess/src/main/java/module-info.java","tags":{"FILE_LINE_OF_CODE":"34"}}
{"ts":1718101744177,"action":"FILE_CLOSED","file":"/Code/DarkChess/src/main/java/module-info.java","tags":{"FILE_LINE_OF_CODE":"34"}}
{"ts":1718101744179,"action":"FILE_OPENED","file":"/Code/DarkChess/pom.xml","tags":{"FILE_LINE_OF_CODE":"97"}}
{"ts":1718101746224,"action":"FILE_CLOSED","file":"/Code/DarkChess/pom.xml","tags":{"FILE_LINE_OF_CODE":"97"}}
{"ts":1718101746229,"action":"FILE_OPENED","file":"/README.md","tags":{"FILE_LINE_OF_CODE":"2"}}
{"ts":1718101763737,"action":"IDE_DEACTIVATED"}
{"ts":1718101763813,"action":"PROJECT_CLOSED","tags":{"PROJECT_NAME":"DarkChess_CS109_Project"}}
{"ts":1718102157589,"action":"FILE_OPENED","file":"/README.md","tags":{"FILE_LINE_OF_CODE":"3"}}
{"ts":1718102157875,"action":"PROJECT_OPENED","tags":{"PROJECT_NAME":"DarkChess_CS109_Project"}}
{"ts":1718102162122,"action":"IDE_DEACTIVATED"}
{"ts":1718102180538,"action":"IDE_ACTIVATED"}
{"ts":1718102193770,"action":"IDE_DEACTIVATED"}
{"ts":1718102226233,"action":"IDE_ACTIVATED"}
{"ts":1718102230169,"action":"IDE_DEACTIVATED"}
{"ts":1718102269500,"action":"IDE_ACTIVATED"}
{"ts":1718102283725,"action":"IDE_DEACTIVATED"}
{"ts":1718102345397,"action":"IDE_ACTIVATED"}
{"ts":1718102366380,"action":"IDE_DEACTIVATED"}
{"ts":1718102420612,"action":"IDE_ACTIVATED"}
{"ts":1718102422217,"action":"IDE_DEACTIVATED"}
{"ts":1718102534880,"action":"IDE_ACTIVATED"}
{"ts":1718102534888,"action":"FILE_CLOSED","file":"/README.md","tags":{"FILE_LINE_OF_CODE":"3"}}
{"ts":1718102534888,"action":"FILE_OPENED","file":"/.gitignore","tags":{"FILE_LINE_OF_CODE":"38"}}
{"ts":1718102546677,"action":"IDE_DEACTIVATED"}
{"ts":1718102546807,"action":"PROJECT_CLOSED","tags":{"PROJECT_NAME":"DarkChess_CS109_Project"}}
{"ts":1718102653206,"action":"FILE_OPENED","file":"/.gitignore","tags":{"FILE_LINE_OF_CODE":"38"}}
{"ts":1718102653032,"action":"PROJECT_OPENED","tags":{"PROJECT_NAME":"DarkChess_CS109_Project"}}
{"ts":1718102653826,"action":"IDE_DEACTIVATED"}
{"ts":1718102666066,"action":"IDE_ACTIVATED"}
{"ts":1718102666689,"action":"IDE_DEACTIVATED"}
{"ts":1718102667069,"action":"IDE_ACTIVATED"}
{"ts":1718102668299,"action":"IDE_DEACTIVATED"}
{"ts":1718113402835,"action":"IDE_ACTIVATED"}
{"ts":1718113403973,"action":"IDE_DEACTIVATED"}
{"ts":1718118421716,"action":"IDE_ACTIVATED"}
{"ts":1718118423153,"action":"IDE_DEACTIVATED"}
{"ts":1718124007620,"action":"IDE_ACTIVATED"}
{"ts":1718124008887,"action":"IDE_DEACTIVATED"}
{"ts":1718173724824,"action":"IDE_ACTIVATED"}
{"ts":1718173728238,"action":"IDE_DEACTIVATED"}
{"ts":1718173728427,"action":"PROJECT_CLOSED","tags":{"PROJECT_NAME":"DarkChess_CS109_Project"}}
{"ts":1718381645506,"action":"FILE_OPENED","file":"/.gitignore","tags":{"FILE_LINE_OF_CODE":"40"}}
{"ts":1718381645381,"action":"PROJECT_OPENED","tags":{"PROJECT_NAME":"DarkChess_CS109_Project"}}
{"ts":1718381654386,"action":"FILE_CLOSED","file":"/.gitignore","tags":{"FILE_LINE_OF_CODE":"40"}}
{"ts":1718381654386,"action":"FILE_OPENED","file":"/README.md","tags":{"FILE_LINE_OF_CODE":"8"}}
{"ts":1718381663116,"action":"IDE_DEACTIVATED"}
{"ts":1718381668896,"action":"IDE_ACTIVATED"}
{"ts":1718381701324,"action":"IDE_DEACTIVATED"}
{"ts":1718381707427,"action":"IDE_ACTIVATED"}
{"ts":1718381712173,"action":"IDE_DEACTIVATED"}
{"ts":1718381714291,"action":"IDE_ACTIVATED"}
{"ts":1718381715815,"action":"IDE_DEACTIVATED"}
{"ts":1718381776868,"action":"IDE_ACTIVATED"}
{"ts":1718381777324,"action":"IDE_DEACTIVATED"}
{"ts":1718382077736,"action":"IDE_ACTIVATED"}
{"ts":1718382106456,"action":"IDE_DEACTIVATED"}
{"ts":1718382107949,"action":"IDE_ACTIVATED"}
{"ts":1718382114759,"action":"IDE_DEACTIVATED"}
{"ts":1718382118260,"action":"IDE_ACTIVATED"}
{"ts":1718382126492,"action":"IDE_DEACTIVATED"}
{"ts":1718382139537,"action":"IDE_ACTIVATED"}
{"ts":1718382208783,"action":"IDE_DEACTIVATED"}
{"ts":1718382288928,"action":"IDE_ACTIVATED"}
{"ts":1718382308787,"action":"IDE_DEACTIVATED"}
{"ts":1718382313429,"action":"IDE_ACTIVATED"}
{"ts":1718382353366,"action":"IDE_DEACTIVATED"}
{"ts":1718382356944,"action":"IDE_ACTIVATED"}
{"ts":1718382360070,"action":"IDE_DEACTIVATED"}
{"ts":1718382386222,"action":"IDE_ACTIVATED"}
{"ts":1718382467074,"action":"IDE_DEACTIVATED"}
{"ts":1718382476804,"action":"IDE_ACTIVATED"}
{"ts":1718382484092,"action":"IDE_DEACTIVATED"}
{"ts":1718382496603,"action":"IDE_ACTIVATED"}
{"ts":1718382504105,"action":"IDE_DEACTIVATED"}
{"ts":1718382509201,"action":"IDE_ACTIVATED"}
{"ts":1718382570939,"action":"IDE_DEACTIVATED"}
{"ts":1718382579729,"action":"IDE_ACTIVATED"}
{"ts":1718382586466,"action":"IDE_DEACTIVATED"}
{"ts":1718382591723,"action":"IDE_ACTIVATED"}
{"ts":1718382599611,"action":"IDE_DEACTIVATED"}
{"ts":1718382603028,"action":"IDE_ACTIVATED"}
{"ts":1718382635937,"action":"IDE_DEACTIVATED"}
{"ts":1718382641627,"action":"IDE_ACTIVATED"}
{"ts":1718382667035,"action":"IDE_DEACTIVATED"}
{"ts":1718382682255,"action":"IDE_ACTIVATED"}
{"ts":1718382698518,"action":"IDE_DEACTIVATED"}
{"ts":1718382699616,"action":"IDE_ACTIVATED"}
{"ts":1718382830863,"action":"IDE_DEACTIVATED"}
{"ts":1718382834348,"action":"IDE_ACTIVATED"}
{"ts":1718382887627,"action":"IDE_DEACTIVATED"}
{"ts":1718382897820,"action":"IDE_ACTIVATED"}
{"ts":1718382901475,"action":"IDE_DEACTIVATED"}
{"ts":1718382907681,"action":"IDE_ACTIVATED"}
{"ts":1718382940410,"action":"IDE_DEACTIVATED"}
{"ts":1718382965562,"action":"IDE_ACTIVATED"}
{"ts":1718382976975,"action":"IDE_DEACTIVATED"}
{"ts":1718382978339,"action":"IDE_ACTIVATED"}
{"ts":1718382985856,"action":"IDE_DEACTIVATED"}
{"ts":1718382986888,"action":"IDE_ACTIVATED"}
{"ts":1718382990707,"action":"FILE_CLOSED","file":"/README.md","tags":{"FILE_LINE_OF_CODE":"33"}}
{"ts":1718382990707,"action":"FILE_OPENED","file":"/Publication/UserGuide.md","tags":{"FILE_LINE_OF_CODE":"2"}}
{"ts":1718382994238,"action":"FILE_CLOSED","file":"/Publication/UserGuide.md","tags":{"FILE_LINE_OF_CODE":"2"}}
{"ts":1718382994241,"action":"FILE_OPENED","file":"/README.md","tags":{"FILE_LINE_OF_CODE":"33"}}
{"ts":1718383003764,"action":"IDE_DEACTIVATED"}
{"ts":1718383012458,"action":"IDE_ACTIVATED"}
{"ts":1718383015016,"action":"IDE_DEACTIVATED"}
{"ts":1718383024117,"action":"IDE_ACTIVATED"}
{"ts":1718383044378,"action":"IDE_DEACTIVATED"}
{"ts":1718383044824,"action":"IDE_ACTIVATED"}
{"ts":1718383045542,"action":"IDE_DEACTIVATED"}
{"ts":1718383046029,"action":"IDE_ACTIVATED"}
{"ts":1718383052488,"action":"IDE_DEACTIVATED"}
{"ts":1718383056141,"action":"IDE_ACTIVATED"}
{"ts":1718383057137,"action":"IDE_DEACTIVATED"}
{"ts":1718383063871,"action":"IDE_ACTIVATED"}
{"ts":1718383078670,"action":"IDE_DEACTIVATED"}
{"ts":1718383079250,"action":"IDE_ACTIVATED"}
{"ts":1718383082249,"action":"IDE_DEACTIVATED"}
{"ts":1718383086120,"action":"IDE_ACTIVATED"}
{"ts":1718383105219,"action":"IDE_DEACTIVATED"}
{"ts":1718383106440,"action":"IDE_ACTIVATED"}
{"ts":1718383116749,"action":"FILE_CLOSED","file":"/README.md","tags":{"FILE_LINE_OF_CODE":"42"}}
{"ts":1718383119083,"action":"FILE_OPENED","file":"/README.md","tags":{"FILE_LINE_OF_CODE":"42"}}
{"ts":1718383127955,"action":"IDE_DEACTIVATED"}
{"ts":1718383129234,"action":"IDE_ACTIVATED"}
{"ts":1718383133950,"action":"IDE_DEACTIVATED"}
{"ts":1718383148732,"action":"IDE_ACTIVATED"}
{"ts":1718383153825,"action":"IDE_DEACTIVATED"}
{"ts":1718383162431,"action":"IDE_ACTIVATED"}
{"ts":1718383167684,"action":"IDE_DEACTIVATED"}
{"ts":1718383169936,"action":"IDE_ACTIVATED"}
{"ts":1718383172944,"action":"IDE_DEACTIVATED"}
{"ts":1718383174906,"action":"IDE_ACTIVATED"}
{"ts":1718383180309,"action":"IDE_DEACTIVATED"}
{"ts":1718383183006,"action":"IDE_ACTIVATED"}
{"ts":1718383218367,"action":"IDE_DEACTIVATED"}
{"ts":1718383227664,"action":"IDE_ACTIVATED"}
{"ts":1718383301875,"action":"IDE_DEACTIVATED"}
{"ts":1718383309652,"action":"IDE_ACTIVATED"}
{"ts":1718383332898,"action":"IDE_DEACTIVATED"}
{"ts":1718383337542,"action":"IDE_ACTIVATED"}
{"ts":1718383382606,"action":"IDE_DEACTIVATED"}
{"ts":1718383392293,"action":"IDE_ACTIVATED"}
{"ts":1718383434524,"action":"IDE_DEACTIVATED"}
{"ts":1718383438591,"action":"IDE_ACTIVATED"}
{"ts":1718383439432,"action":"IDE_DEACTIVATED"}
{"ts":1718383445185,"action":"IDE_ACTIVATED"}
{"ts":1718383475173,"action":"IDE_DEACTIVATED"}
{"ts":1718383488613,"action":"IDE_ACTIVATED"}
{"ts":1718383498588,"action":"IDE_DEACTIVATED"}
{"ts":1718383500496,"action":"IDE_ACTIVATED"}
{"ts":1718383528686,"action":"IDE_DEACTIVATED"}
{"ts":1718383553054,"action":"IDE_ACTIVATED"}
{"ts":1718383556937,"action":"IDE_DEACTIVATED"}
{"ts":1718383558678,"action":"IDE_ACTIVATED"}
{"ts":1718383569948,"action":"IDE_DEACTIVATED"}
{"ts":1718383575833,"action":"IDE_ACTIVATED"}
{"ts":1718383646143,"action":"IDE_DEACTIVATED"}
{"ts":1718383650250,"action":"IDE_ACTIVATED"}
{"ts":1718383655387,"action":"IDE_DEACTIVATED"}
{"ts":1718383669931,"action":"IDE_ACTIVATED"}
{"ts":1718383676676,"action":"IDE_DEACTIVATED"}
{"ts":1718383694926,"action":"IDE_ACTIVATED"}
{"ts":1718383698595,"action":"IDE_DEACTIVATED"}
{"ts":1718383701527,"action":"IDE_ACTIVATED"}
{"ts":1718383704781,"action":"IDE_DEACTIVATED"}
{"ts":1718383724275,"action":"IDE_ACTIVATED"}
{"ts":1718383726877,"action":"IDE_DEACTIVATED"}
{"ts":1718383772901,"action":"IDE_ACTIVATED"}
{"ts":1718384025740,"action":"IDE_DEACTIVATED"}
{"ts":1718384034327,"action":"IDE_ACTIVATED"}
{"ts":1718384079880,"action":"IDE_DEACTIVATED"}
{"ts":1718384083679,"action":"IDE_ACTIVATED"}
{"ts":1718384140092,"action":"IDE_DEACTIVATED"}
{"ts":1718384147645,"action":"IDE_ACTIVATED"}
{"ts":1718384175643,"action":"IDE_DEACTIVATED"}
{"ts":1718384182133,"action":"IDE_ACTIVATED"}
{"ts":1718384213330,"action":"IDE_DEACTIVATED"}
{"ts":1718384217970,"action":"IDE_ACTIVATED"}
{"ts":1718384235365,"action":"IDE_DEACTIVATED"}
{"ts":1718384241668,"action":"IDE_ACTIVATED"}
{"ts":1718384247396,"action":"IDE_DEACTIVATED"}
{"ts":1718384256682,"action":"IDE_ACTIVATED"}
{"ts":1718384264226,"action":"IDE_DEACTIVATED"}
{"ts":1718384267040,"action":"IDE_ACTIVATED"}
{"ts":1718384307710,"action":"IDE_DEACTIVATED"}
{"ts":1718384311843,"action":"IDE_ACTIVATED"}
{"ts":1718384415126,"action":"IDE_DEACTIVATED"}
{"ts":1718384422663,"action":"IDE_ACTIVATED"}
{"ts":1718384440822,"action":"IDE_DEACTIVATED"}
{"ts":1718384454486,"action":"IDE_ACTIVATED"}
{"ts":1718384461963,"action":"IDE_DEACTIVATED"}
{"ts":1718384486648,"action":"IDE_ACTIVATED"}
{"ts":1718384517890,"action":"IDE_DEACTIVATED"}
{"ts":1718384520351,"action":"IDE_ACTIVATED"}
{"ts":1718384570689,"action":"IDE_DEACTIVATED"}
{"ts":1718384576251,"action":"IDE_ACTIVATED"}
{"ts":1718384587468,"action":"IDE_DEACTIVATED"}
{"ts":1718384589170,"action":"IDE_ACTIVATED"}
{"ts":1718384702457,"action":"IDE_DEACTIVATED"}
{"ts":1718384709993,"action":"IDE_ACTIVATED"}
{"ts":1718384726664,"action":"IDE_DEACTIVATED"}
{"ts":1718384755728,"action":"IDE_ACTIVATED"}
{"ts":1718384787228,"action":"IDE_DEACTIVATED"}
{"ts":1718384805033,"action":"IDE_ACTIVATED"}
{"ts":1718384806270,"action":"IDE_DEACTIVATED"}
{"ts":1718384807561,"action":"IDE_ACTIVATED"}
{"ts":1718384832057,"action":"IDE_DEACTIVATED"}
{"ts":1718384846151,"action":"IDE_ACTIVATED"}
{"ts":1718384886428,"action":"IDE_DEACTIVATED"}
{"ts":1718384893993,"action":"IDE_ACTIVATED"}
{"ts":1718384953283,"action":"FILE_CLOSED","file":"/README.md","tags":{"FILE_LINE_OF_CODE":"67"}}
{"ts":1718384954912,"action":"FILE_OPENED","file":"/README.md","tags":{"FILE_LINE_OF_CODE":"67"}}
{"ts":1718385002889,"action":"IDE_DEACTIVATED"}
{"ts":1718385005781,"action":"IDE_ACTIVATED"}
{"ts":1718385006726,"action":"IDE_DEACTIVATED"}
{"ts":1718385009421,"action":"IDE_ACTIVATED"}
{"ts":1718385014427,"action":"IDE_DEACTIVATED"}
{"ts":1718385019100,"action":"IDE_ACTIVATED"}
{"ts":1718385032196,"action":"IDE_DEACTIVATED"}
{"ts":1718385034796,"action":"IDE_ACTIVATED"}
{"ts":1718385043849,"action":"IDE_DEACTIVATED"}
{"ts":1718385048128,"action":"IDE_ACTIVATED"}
{"ts":1718385052835,"action":"IDE_DEACTIVATED"}
{"ts":1718385060081,"action":"IDE_ACTIVATED"}
{"ts":1718385210453,"action":"IDE_DEACTIVATED"}
{"ts":1718385225519,"action":"IDE_ACTIVATED"}
{"ts":1718385227622,"action":"IDE_DEACTIVATED"}
{"ts":1718385233119,"action":"IDE_ACTIVATED"}
{"ts":1718385376010,"action":"IDE_DEACTIVATED"}
{"ts":1718385609560,"action":"IDE_ACTIVATED"}
{"ts":1718385737081,"action":"IDE_DEACTIVATED"}
{"ts":1718385747848,"action":"IDE_ACTIVATED"}
{"ts":1718385868828,"action":"FILE_CLOSED","file":"/README.md","tags":{"FILE_LINE_OF_CODE":"83"}}
{"ts":1718385868828,"action":"FILE_OPENED","file":"/Code/DarkChess/src/main/java/AI/AI.java","tags":{"FILE_LINE_OF_CODE":"120"}}
{"ts":1718385870608,"action":"FILE_CLOSED","file":"/Code/DarkChess/src/main/java/AI/AI.java","tags":{"FILE_LINE_OF_CODE":"120"}}
{"ts":1718385870608,"action":"FILE_OPENED","file":"/Code/DarkChess/src/main/java/AI/aiTest.java","tags":{"FILE_LINE_OF_CODE":"50"}}
{"ts":1718385874764,"action":"FILE_CLOSED","file":"/Code/DarkChess/src/main/java/AI/aiTest.java","tags":{"FILE_LINE_OF_CODE":"50"}}
{"ts":1718385874767,"action":"FILE_OPENED","file":"/Code/DarkChess/src/main/java/AI/AI.java","tags":{"FILE_LINE_OF_CODE":"120"}}
{"ts":1718385883275,"action":"FILE_CLOSED","file":"/Code/DarkChess/src/main/java/AI/AI.java","tags":{"FILE_LINE_OF_CODE":"120"}}
{"ts":1718385883275,"action":"FILE_OPENED","file":"/Code/DarkChess/src/main/java/AI/generalUsed.java","tags":{"FILE_LINE_OF_CODE":"646"}}
{"ts":1718385886497,"action":"FILE_CLOSED","file":"/Code/DarkChess/src/main/java/AI/generalUsed.java","tags":{"FILE_LINE_OF_CODE":"646"}}
{"ts":1718385886497,"action":"FILE_OPENED","file":"/Code/DarkChess/src/main/java/AI/Selection.java","tags":{"FILE_LINE_OF_CODE":"289"}}
{"ts":1718385904181,"action":"FILE_CLOSED","file":"/Code/DarkChess/src/main/java/AI/Selection.java","tags":{"FILE_LINE_OF_CODE":"289"}}
{"ts":1718385904183,"action":"FILE_OPENED","file":"/Code/DarkChess/src/main/java/AI/generalUsed.java","tags":{"FILE_LINE_OF_CODE":"646"}}
{"ts":1718385905000,"action":"FILE_CLOSED","file":"/Code/DarkChess/src/main/java/AI/generalUsed.java","tags":{"FILE_LINE_OF_CODE":"646"}}
{"ts":1718385905001,"action":"FILE_OPENED","file":"/Code/DarkChess/src/main/java/AI/AI.java","tags":{"FILE_LINE_OF_CODE":"120"}}
{"ts":1718385907018,"action":"FILE_CLOSED","file":"/Code/DarkChess/src/main/java/AI/AI.java","tags":{"FILE_LINE_OF_CODE":"120"}}
{"ts":1718385907019,"action":"FILE_OPENED","file":"/README.md","tags":{"FILE_LINE_OF_CODE":"83"}}
{"ts":1718385951634,"action":"IDE_DEACTIVATED"}
{"ts":1718385955952,"action":"IDE_ACTIVATED"}
{"ts":1718386329350,"action":"IDE_DEACTIVATED"}
{"ts":1718386427158,"action":"IDE_ACTIVATED"}
{"ts":1718386451038,"action":"IDE_DEACTIVATED"}
{"ts":1718386513757,"action":"IDE_ACTIVATED"}
{"ts":1718386533768,"action":"IDE_DEACTIVATED"}
{"ts":1718386544984,"action":"IDE_ACTIVATED"}
{"ts":1718386560794,"action":"FILE_CLOSED","file":"/README.md","tags":{"FILE_LINE_OF_CODE":"113"}}
{"ts":1718386562523,"action":"FILE_OPENED","file":"/README.md","tags":{"FILE_LINE_OF_CODE":"113"}}
{"ts":1718386563552,"action":"FILE_CLOSED","file":"/README.md","tags":{"FILE_LINE_OF_CODE":"113"}}
{"ts":1718386567656,"action":"FILE_OPENED","file":"/README.md","tags":{"FILE_LINE_OF_CODE":"113"}}
{"ts":1718386568854,"action":"FILE_CLOSED","file":"/README.md","tags":{"FILE_LINE_OF_CODE":"113"}}
{"ts":1718386570723,"action":"FILE_OPENED","file":"/README.md","tags":{"FILE_LINE_OF_CODE":"113"}}
{"ts":1718386631470,"action":"IDE_DEACTIVATED"}
{"ts":1718386641148,"action":"IDE_ACTIVATED"}
{"ts":1718386673160,"action":"IDE_DEACTIVATED"}
{"ts":1718386686614,"action":"IDE_ACTIVATED"}
{"ts":1718386692968,"action":"IDE_DEACTIVATED"}
{"ts":1718386694117,"action":"IDE_ACTIVATED"}
{"ts":1718386694906,"action":"IDE_DEACTIVATED"}
{"ts":1718386696939,"action":"IDE_ACTIVATED"}
{"ts":1718386698018,"action":"IDE_DEACTIVATED"}
{"ts":1718386698973,"action":"IDE_ACTIVATED"}
{"ts":1718386699392,"action":"IDE_DEACTIVATED"}
{"ts":1718386700195,"action":"IDE_ACTIVATED"}
{"ts":1718386706146,"action":"IDE_DEACTIVATED"}
{"ts":1718386708574,"action":"IDE_ACTIVATED"}
{"ts":1718386714147,"action":"IDE_DEACTIVATED"}
{"ts":1718386743698,"action":"IDE_ACTIVATED"}
{"ts":1718386765437,"action":"IDE_DEACTIVATED"}
{"ts":1718386779468,"action":"IDE_ACTIVATED"}
{"ts":1718386788032,"action":"IDE_DEACTIVATED"}
{"ts":1718386789509,"action":"IDE_ACTIVATED"}
{"ts":1718386802651,"action":"IDE_DEACTIVATED"}
{"ts":1718386817376,"action":"IDE_ACTIVATED"}
{"ts":1718386841876,"action":"IDE_DEACTIVATED"}
{"ts":1718386854669,"action":"IDE_ACTIVATED"}
{"ts":1718386882811,"action":"IDE_DEACTIVATED"}
{"ts":1718386891963,"action":"IDE_ACTIVATED"}
{"ts":1718386913225,"action":"IDE_DEACTIVATED"}
{"ts":1718386919040,"action":"IDE_ACTIVATED"}
{"ts":1718386922804,"action":"IDE_DEACTIVATED"}
{"ts":1718386924549,"action":"IDE_ACTIVATED"}
{"ts":1718386926467,"action":"IDE_DEACTIVATED"}
{"ts":1718386933059,"action":"IDE_ACTIVATED"}
{"ts":1718386969651,"action":"IDE_DEACTIVATED"}
{"ts":1718386972654,"action":"IDE_ACTIVATED"}
{"ts":1718386979835,"action":"IDE_DEACTIVATED"}
{"ts":1718386988753,"action":"IDE_ACTIVATED"}
{"ts":1718387021801,"action":"IDE_DEACTIVATED"}
{"ts":1718387025721,"action":"IDE_ACTIVATED"}
{"ts":1718387050969,"action":"FILE_CLOSED","file":"/README.md","tags":{"FILE_LINE_OF_CODE":"127"}}
{"ts":1718387050969,"action":"FILE_OPENED","file":"/Code/DarkChess/pom.xml","tags":{"FILE_LINE_OF_CODE":"97"}}
{"ts":1718387056606,"action":"FILE_CLOSED","file":"/Code/DarkChess/pom.xml","tags":{"FILE_LINE_OF_CODE":"97"}}
{"ts":1718387056606,"action":"FILE_OPENED","file":"/Code/DarkChess/src/main/java/module-info.java","tags":{"FILE_LINE_OF_CODE":"34"}}
{"ts":1718387068232,"action":"FILE_CLOSED","file":"/Code/DarkChess/src/main/java/module-info.java","tags":{"FILE_LINE_OF_CODE":"34"}}
{"ts":1718387068232,"action":"FILE_OPENED","file":"/Code/DarkChess/pom.xml","tags":{"FILE_LINE_OF_CODE":"97"}}
{"ts":1718387122241,"action":"FILE_CLOSED","file":"/Code/DarkChess/pom.xml","tags":{"FILE_LINE_OF_CODE":"97"}}
{"ts":1718387122243,"action":"FILE_OPENED","file":"/Code/DarkChess/src/main/java/module-info.java","tags":{"FILE_LINE_OF_CODE":"34"}}
{"ts":1718387125691,"action":"FILE_CLOSED","file":"/Code/DarkChess/src/main/java/module-info.java","tags":{"FILE_LINE_OF_CODE":"34"}}
{"ts":1718387125692,"action":"FILE_OPENED","file":"/README.md","tags":{"FILE_LINE_OF_CODE":"127"}}
{"ts":1718387152434,"action":"IDE_DEACTIVATED"}
{"ts":1718387200064,"action":"IDE_ACTIVATED"}
{"ts":1718387230549,"action":"IDE_DEACTIVATED"}
{"ts":1718387293473,"action":"IDE_ACTIVATED"}
{"ts":1718387533985,"action":"IDE_DEACTIVATED"}
{"ts":1718387578470,"action":"IDE_ACTIVATED"}
{"ts":1718387625628,"action":"IDE_DEACTIVATED"}
{"ts":1718387667917,"action":"IDE_ACTIVATED"}
{"ts":1718387681825,"action":"IDE_DEACTIVATED"}
{"ts":1718387698823,"action":"IDE_ACTIVATED"}
{"ts":1718387730470,"action":"IDE_DEACTIVATED"}
{"ts":1718387753403,"action":"IDE_ACTIVATED"}
{"ts":1718387767501,"action":"IDE_DEACTIVATED"}
{"ts":1718387790548,"action":"IDE_ACTIVATED"}
{"ts":1718387817315,"action":"IDE_DEACTIVATED"}
{"ts":1718387862676,"action":"IDE_ACTIVATED"}
{"ts":1718387867355,"action":"IDE_DEACTIVATED"}
{"ts":1718388100226,"action":"IDE_ACTIVATED"}
{"ts":1718388117546,"action":"IDE_DEACTIVATED"}
{"ts":1718388144959,"action":"IDE_ACTIVATED"}
{"ts":1718388146578,"action":"IDE_DEACTIVATED"}
{"ts":1718388148613,"action":"IDE_ACTIVATED"}
{"ts":1718388231916,"action":"IDE_DEACTIVATED"}
{"ts":1718388270156,"action":"IDE_ACTIVATED"}
{"ts":1718388273942,"action":"IDE_DEACTIVATED"}
{"ts":1718388275181,"action":"IDE_ACTIVATED"}
{"ts":1718388356098,"action":"IDE_DEACTIVATED"}
{"ts":1718388366853,"action":"IDE_ACTIVATED"}
{"ts":1718388688218,"action":"IDE_DEACTIVATED"}
{"ts":1718388689343,"action":"IDE_ACTIVATED"}
{"ts":1718388690643,"action":"IDE_DEACTIVATED"}
{"ts":1718388724050,"action":"IDE_ACTIVATED"}
{"ts":1718388727508,"action":"IDE_DEACTIVATED"}
{"ts":1718388742825,"action":"IDE_ACTIVATED"}
{"ts":1718388746127,"action":"IDE_DEACTIVATED"}
{"ts":1718388759002,"action":"IDE_ACTIVATED"}
{"ts":1718388777188,"action":"IDE_DEACTIVATED"}
{"ts":1718388860762,"action":"IDE_ACTIVATED"}
{"ts":1718388866939,"action":"IDE_DEACTIVATED"}
{"ts":1718388869497,"action":"IDE_ACTIVATED"}
{"ts":1718388880991,"action":"IDE_DEACTIVATED"}
{"ts":1718388894437,"action":"IDE_ACTIVATED"}
{"ts":1718388920741,"action":"IDE_DEACTIVATED"}
{"ts":1718388977149,"action":"IDE_ACTIVATED"}
{"ts":1718388986175,"action":"IDE_DEACTIVATED"}
{"ts":1718389000419,"action":"IDE_ACTIVATED"}
{"ts":1718389020017,"action":"IDE_DEACTIVATED"}
{"ts":1718389027507,"action":"IDE_ACTIVATED"}
{"ts":1718389040574,"action":"IDE_DEACTIVATED"}
{"ts":1718389043027,"action":"IDE_ACTIVATED"}
{"ts":1718389059821,"action":"IDE_DEACTIVATED"}
{"ts":1718389078953,"action":"IDE_ACTIVATED"}
{"ts":1718389081368,"action":"IDE_DEACTIVATED"}
{"ts":1718389087085,"action":"IDE_ACTIVATED"}
{"ts":1718389097417,"action":"IDE_DEACTIVATED"}
{"ts":1718389113935,"action":"IDE_ACTIVATED"}
{"ts":1718389118996,"action":"IDE_DEACTIVATED"}
{"ts":1718389121699,"action":"IDE_ACTIVATED"}
{"ts":1718389136468,"action":"IDE_DEACTIVATED"}
{"ts":1718389140774,"action":"IDE_ACTIVATED"}
{"ts":1718389157984,"action":"IDE_DEACTIVATED"}
{"ts":1718389164108,"action":"IDE_ACTIVATED"}
{"ts":1718389176652,"action":"IDE_DEACTIVATED"}
{"ts":1718389207264,"action":"IDE_ACTIVATED"}
{"ts":1718389212894,"action":"IDE_DEACTIVATED"}
{"ts":1718389218797,"action":"IDE_ACTIVATED"}
{"ts":1718389241550,"action":"IDE_DEACTIVATED"}
{"ts":1718389260212,"action":"IDE_ACTIVATED"}
{"ts":1718389262601,"action":"IDE_DEACTIVATED"}
{"ts":1718389284667,"action":"IDE_ACTIVATED"}
{"ts":1718389297246,"action":"IDE_DEACTIVATED"}
{"ts":1718389302428,"action":"IDE_ACTIVATED"}
{"ts":1718389314251,"action":"IDE_DEACTIVATED"}
{"ts":1718389316945,"action":"IDE_ACTIVATED"}
{"ts":1718389318608,"action":"IDE_DEACTIVATED"}
{"ts":1718389319403,"action":"IDE_ACTIVATED"}
{"ts":1718389327758,"action":"IDE_DEACTIVATED"}
{"ts":1718389332528,"action":"IDE_ACTIVATED"}
{"ts":1718389339243,"action":"IDE_DEACTIVATED"}
{"ts":1718389348219,"action":"IDE_ACTIVATED"}
{"ts":1718389367059,"action":"IDE_DEACTIVATED"}
{"ts":1718389374450,"action":"IDE_ACTIVATED"}
{"ts":1718389380134,"action":"IDE_DEACTIVATED"}
{"ts":1718389430597,"action":"IDE_ACTIVATED"}
{"ts":1718389433565,"action":"IDE_DEACTIVATED"}
{"ts":1718389438563,"action":"IDE_ACTIVATED"}
{"ts":1718389446345,"action":"IDE_DEACTIVATED"}
{"ts":1718389449756,"action":"IDE_ACTIVATED"}
{"ts":1718389474145,"action":"IDE_DEACTIVATED"}
{"ts":1718389481092,"action":"IDE_ACTIVATED"}
{"ts":1718389516192,"action":"IDE_DEACTIVATED"}
{"ts":1718389521382,"action":"IDE_ACTIVATED"}
{"ts":1718389589543,"action":"IDE_DEACTIVATED"}
{"ts":1718389656577,"action":"IDE_ACTIVATED"}
{"ts":1718389660282,"action":"IDE_DEACTIVATED"}
{"ts":1718389661184,"action":"IDE_ACTIVATED"}
{"ts":1718389663093,"action":"IDE_DEACTIVATED"}
{"ts":1718389682746,"action":"IDE_ACTIVATED"}
{"ts":1718389692803,"action":"IDE_DEACTIVATED"}
{"ts":1718389712633,"action":"IDE_ACTIVATED"}
{"ts":1718389726605,"action":"IDE_DEACTIVATED"}
{"ts":1718426746826,"action":"FILE_OPENED","file":"/README.md","tags":{"FILE_LINE_OF_CODE":"158"}}
{"ts":1718426746924,"action":"PROJECT_OPENED","tags":{"PROJECT_NAME":"DarkChess_CS109_Project"}}
{"ts":1718426816271,"action":"IDE_DEACTIVATED"}
{"ts":1718426830793,"action":"IDE_ACTIVATED"}
{"ts":1718426833674,"action":"IDE_DEACTIVATED"}
{"ts":1718426839723,"action":"IDE_ACTIVATED"}
{"ts":1718426841044,"action":"IDE_DEACTIVATED"}
{"ts":1718426846566,"action":"IDE_ACTIVATED"}
{"ts":1718426846568,"action":"IDE_DEACTIVATED"}
{"ts":1718426852925,"action":"IDE_ACTIVATED"}
{"ts":1718427090876,"action":"FILE_CLOSED","file":"/README.md","tags":{"FILE_LINE_OF_CODE":"163"}}
{"ts":1718427090876,"action":"FILE_OPENED","file":"/Publication/UserGuide.md","tags":{"FILE_LINE_OF_CODE":"2"}}
{"ts":1718427093348,"action":"IDE_DEACTIVATED"}
{"ts":1718427093549,"action":"PROJECT_CLOSED","tags":{"PROJECT_NAME":"DarkChess_CS109_Project"}}
{"ts":1718695345438,"action":"FILE_OPENED","file":"/Publication/UserGuide.md","tags":{"FILE_LINE_OF_CODE":"2"}}
{"ts":1718695345325,"action":"PROJECT_OPENED","tags":{"PROJECT_NAME":"DarkChess_CS109_Project"}}
{"ts":1718695349185,"action":"FILE_CLOSED","file":"/Publication/UserGuide.md","tags":{"FILE_LINE_OF_CODE":"2"}}
{"ts":1718695349185,"action":"FILE_OPENED","file":"/Code/DarkChess/src/main/java/AI/AI.java","tags":{"FILE_LINE_OF_CODE":"120"}}
{"ts":1718695373501,"action":"IDE_DEACTIVATED"}
{"ts":1718695374026,"action":"PROJECT_CLOSED","tags":{"PROJECT_NAME":"DarkChess_CS109_Project"}}
{"ts":1718780012424,"action":"FILE_OPENED","file":"/Code/DarkChess/src/main/java/AI/AI.java","tags":{"FILE_LINE_OF_CODE":"120"}}
{"ts":1718780012181,"action":"PROJECT_OPENED","tags":{"PROJECT_NAME":"DarkChess_CS109_Project"}}
{"ts":1718780091100,"action":"IDE_DEACTIVATED"}
{"ts":1718780097510,"action":"IDE_ACTIVATED"}
{"ts":1718780114245,"action":"IDE_DEACTIVATED"}
{"ts":1718780142130,"action":"IDE_ACTIVATED"}
{"ts":1718780232031,"action":"IDE_DEACTIVATED"}
{"ts":1718780239416,"action":"IDE_ACTIVATED"}
{"ts":1718780302965,"action":"IDE_DEACTIVATED"}
{"ts":1718780366600,"action":"IDE_ACTIVATED"}
{"ts":1718780368989,"action":"IDE_DEACTIVATED"}
{"ts":1718781000383,"action":"IDE_ACTIVATED"}
{"ts":1718781001876,"action":"IDE_DEACTIVATED"}
{"ts":1718781337467,"action":"IDE_ACTIVATED"}
{"ts":1718781338378,"action":"IDE_DEACTIVATED"}
{"ts":1718788110587,"action":"IDE_ACTIVATED"}
{"ts":1718788111893,"action":"IDE_DEACTIVATED"}
{"ts":1718788111976,"action":"IDE_ACTIVATED"}
{"ts":1718788118876,"action":"IDE_DEACTIVATED"}
{"ts":1718788122187,"action":"IDE_ACTIVATED"}
{"ts":1718788159966,"action":"IDE_DEACTIVATED"}
{"ts":1718791277936,"action":"IDE_ACTIVATED"}
{"ts":1718791281435,"action":"IDE_DEACTIVATED"}
{"ts":1718792402027,"action":"IDE_ACTIVATED"}
{"ts":1718792411513,"action":"IDE_DEACTIVATED"}
{"ts":1718793669969,"action":"IDE_ACTIVATED"}
{"ts":1718793681453,"action":"IDE_DEACTIVATED"}
{"ts":1718796506005,"action":"IDE_ACTIVATED"}
{"ts":1718796514838,"action":"IDE_DEACTIVATED"}
{"ts":1718796528188,"action":"IDE_ACTIVATED"}
{"ts":1718796537814,"action":"FILE_CLOSED","file":"/Code/DarkChess/src/main/java/AI/AI.java","tags":{"FILE_LINE_OF_CODE":"120"}}
{"ts":1718796537814,"action":"FILE_OPENED","file":"/Code/DarkChess/src/main/java/Windows/GameArea/Difficulty.java","tags":{"FILE_LINE_OF_CODE":"41"}}
{"ts":1718796553465,"action":"IDE_DEACTIVATED"}
{"ts":1718796678233,"action":"IDE_ACTIVATED"}
{"ts":1718796684465,"action":"PROJECT_CLOSED","tags":{"PROJECT_NAME":"DarkChess_CS109_Project"}}
{"ts":1719562687400,"action":"FILE_OPENED","file":"/Code/DarkChess/src/main/java/Windows/GameArea/Difficulty.java","tags":{"FILE_LINE_OF_CODE":"41"}}
{"ts":1719562687827,"action":"PROJECT_OPENED","tags":{"PROJECT_NAME":"DarkChess_CS109_Project"}}
{"ts":1719562729348,"action":"FILE_CLOSED","file":"/Code/DarkChess/src/main/java/Windows/GameArea/Difficulty.java","tags":{"FILE_LINE_OF_CODE":"41"}}
{"ts":1719562729366,"action":"FILE_OPENED","file":"/Code/DarkChess/src/main/java/AI/AI.java","tags":{"FILE_LINE_OF_CODE":"120"}}
{"ts":1719562730353,"action":"FILE_CLOSED","file":"/Code/DarkChess/src/main/java/AI/AI.java","tags":{"FILE_LINE_OF_CODE":"120"}}
{"ts":1719562730358,"action":"FILE_OPENED","file":"/Publication/UserGuide.md","tags":{"FILE_LINE_OF_CODE":"2"}}
{"ts":1719562735002,"action":"FILE_CLOSED","file":"/Publication/UserGuide.md","tags":{"FILE_LINE_OF_CODE":"2"}}
{"ts":1719562735002,"action":"FILE_OPENED","file":"/README.md","tags":{"FILE_LINE_OF_CODE":"163"}}
{"ts":1719562737869,"action":"IDE_DEACTIVATED"}
{"ts":1719562785628,"action":"IDE_ACTIVATED"}
{"ts":1719562794474,"action":"IDE_DEACTIVATED"}
{"ts":1719562817704,"action":"IDE_ACTIVATED"}
{"ts":1719562881015,"action":"FILE_CLOSED","file":"/README.md","tags":{"FILE_LINE_OF_CODE":"157"}}
{"ts":1719562881015,"action":"FILE_OPENED","file":"/Publication/UserGuide.md","tags":{"FILE_LINE_OF_CODE":"2"}}
{"ts":1719562883478,"action":"FILE_CLOSED","file":"/Publication/UserGuide.md","tags":{"FILE_LINE_OF_CODE":"2"}}
{"ts":1719562883478,"action":"FILE_OPENED","file":"/README.md","tags":{"FILE_LINE_OF_CODE":"157"}}
{"ts":1719562893610,"action":"FILE_CLOSED","file":"/README.md","tags":{"FILE_LINE_OF_CODE":"157"}}
{"ts":1719562893610,"action":"FILE_OPENED","file":"/Publication/UserGuide.md","tags":{"FILE_LINE_OF_CODE":"2"}}
{"ts":1719562908886,"action":"FILE_CLOSED","file":"/Publication/UserGuide.md","tags":{"FILE_LINE_OF_CODE":"4"}}
{"ts":1719562908886,"action":"FILE_OPENED","file":"/README.md","tags":{"FILE_LINE_OF_CODE":"157"}}
{"ts":1719562911803,"action":"FILE_CLOSED","file":"/README.md","tags":{"FILE_LINE_OF_CODE":"157"}}
{"ts":1719562911803,"action":"FILE_OPENED","file":"/Publication/UserGuide.md","tags":{"FILE_LINE_OF_CODE":"4"}}
{"ts":1719562921373,"action":"FILE_CLOSED","file":"/Publication/UserGuide.md","tags":{"FILE_LINE_OF_CODE":"6"}}
{"ts":1719562921373,"action":"FILE_OPENED","file":"/README.md","tags":{"FILE_LINE_OF_CODE":"157"}}
{"ts":1719562928828,"action":"FILE_CLOSED","file":"/README.md","tags":{"FILE_LINE_OF_CODE":"157"}}
{"ts":1719562928828,"action":"FILE_OPENED","file":"/Publication/UserGuide.md","tags":{"FILE_LINE_OF_CODE":"6"}}
{"ts":1719562957470,"action":"FILE_CLOSED","file":"/Publication/UserGuide.md","tags":{"FILE_LINE_OF_CODE":"11"}}
{"ts":1719562957470,"action":"FILE_OPENED","file":"/README.md","tags":{"FILE_LINE_OF_CODE":"157"}}
{"ts":1719562962956,"action":"FILE_CLOSED","file":"/README.md","tags":{"FILE_LINE_OF_CODE":"157"}}
{"ts":1719562962956,"action":"FILE_OPENED","file":"/Publication/UserGuide.md","tags":{"FILE_LINE_OF_CODE":"11"}}
{"ts":1719563039174,"action":"FILE_CLOSED","file":"/Publication/UserGuide.md","tags":{"FILE_LINE_OF_CODE":"18"}}
{"ts":1719563039174,"action":"FILE_OPENED","file":"/README.md","tags":{"FILE_LINE_OF_CODE":"157"}}
{"ts":1719563044431,"action":"IDE_DEACTIVATED"}
{"ts":1719563046560,"action":"IDE_ACTIVATED"}
{"ts":1719563046999,"action":"IDE_DEACTIVATED"}
{"ts":1719563061496,"action":"IDE_ACTIVATED"}
{"ts":1719563065258,"action":"IDE_DEACTIVATED"}
{"ts":1719563070597,"action":"IDE_ACTIVATED"}
{"ts":1719563080472,"action":"FILE_CLOSED","file":"/README.md","tags":{"FILE_LINE_OF_CODE":"157"}}
{"ts":1719563080472,"action":"FILE_OPENED","file":"/Publication/UserGuide.md","tags":{"FILE_LINE_OF_CODE":"18"}}
{"ts":1719563098691,"action":"IDE_DEACTIVATED"}
{"ts":1719563125607,"action":"IDE_ACTIVATED"}
{"ts":1719563174796,"action":"IDE_DEACTIVATED"}
{"ts":1719563186390,"action":"IDE_ACTIVATED"}
{"ts":1719563187722,"action":"IDE_DEACTIVATED"}
{"ts":1719563197108,"action":"IDE_ACTIVATED"}
{"ts":1719563198263,"action":"IDE_DEACTIVATED"}
{"ts":1719563201294,"action":"IDE_ACTIVATED"}
{"ts":1719563201757,"action":"IDE_DEACTIVATED"}
{"ts":1719563203231,"action":"IDE_ACTIVATED"}
{"ts":1719563363331,"action":"IDE_DEACTIVATED"}
{"ts":1719563363806,"action":"IDE_ACTIVATED"}
{"ts":1719563364910,"action":"IDE_DEACTIVATED"}
{"ts":1719563376124,"action":"IDE_ACTIVATED"}
{"ts":1719563441323,"action":"FILE_CLOSED","file":"/Publication/UserGuide.md","tags":{"FILE_LINE_OF_CODE":"44"}}
{"ts":1719563441323,"action":"FILE_OPENED","file":"/README.md","tags":{"FILE_LINE_OF_CODE":"157"}}
{"ts":1719563447324,"action":"FILE_CLOSED","file":"/README.md","tags":{"FILE_LINE_OF_CODE":"157"}}
{"ts":1719563447324,"action":"FILE_OPENED","file":"/Publication/UserGuide.md","tags":{"FILE_LINE_OF_CODE":"44"}}
{"ts":1719563614775,"action":"FILE_CLOSED","file":"/Publication/UserGuide.md","tags":{"FILE_LINE_OF_CODE":"46"}}
{"ts":1719563614775,"action":"FILE_OPENED","file":"/README.md","tags":{"FILE_LINE_OF_CODE":"157"}}
{"ts":1719563615663,"action":"FILE_CLOSED","file":"/README.md","tags":{"FILE_LINE_OF_CODE":"157"}}
{"ts":1719563615663,"action":"FILE_OPENED","file":"/Publication/UserGuide.md","tags":{"FILE_LINE_OF_CODE":"46"}}
{"ts":1719563619988,"action":"FILE_CLOSED","file":"/Publication/UserGuide.md","tags":{"FILE_LINE_OF_CODE":"46"}}
{"ts":1719563619988,"action":"FILE_OPENED","file":"/README.md","tags":{"FILE_LINE_OF_CODE":"157"}}
{"ts":1719563623701,"action":"FILE_CLOSED","file":"/README.md","tags":{"FILE_LINE_OF_CODE":"157"}}
{"ts":1719563623701,"action":"FILE_OPENED","file":"/Publication/UserGuide.md","tags":{"FILE_LINE_OF_CODE":"46"}}
{"ts":1719563625149,"action":"FILE_CLOSED","file":"/Publication/UserGuide.md","tags":{"FILE_LINE_OF_CODE":"46"}}
{"ts":1719563625154,"action":"FILE_OPENED","file":"/README.md","tags":{"FILE_LINE_OF_CODE":"157"}}
{"ts":1719563638224,"action":"FILE_CLOSED","file":"/README.md","tags":{"FILE_LINE_OF_CODE":"157"}}
{"ts":1719563638224,"action":"FILE_OPENED","file":"/Publication/UserGuide.md","tags":{"FILE_LINE_OF_CODE":"46"}}
{"ts":1719563649082,"action":"IDE_DEACTIVATED"}
{"ts":1719563649845,"action":"IDE_ACTIVATED"}
{"ts":1719563847354,"action":"IDE_DEACTIVATED"}
{"ts":1719563852467,"action":"IDE_ACTIVATED"}
{"ts":1719563853768,"action":"FILE_CLOSED","file":"/Publication/UserGuide.md","tags":{"FILE_LINE_OF_CODE":"49"}}
{"ts":1719563855857,"action":"FILE_OPENED","file":"/Publication/UserGuide.md","tags":{"FILE_LINE_OF_CODE":"49"}}
{"ts":1719563857503,"action":"FILE_CLOSED","file":"/Publication/UserGuide.md","tags":{"FILE_LINE_OF_CODE":"49"}}
{"ts":1719563868266,"action":"FILE_OPENED","file":"/Publication/UserGuide.md","tags":{"FILE_LINE_OF_CODE":"49"}}
{"ts":1719563869615,"action":"FILE_CLOSED","file":"/Publication/UserGuide.md","tags":{"FILE_LINE_OF_CODE":"49"}}
{"ts":1719563871023,"action":"FILE_OPENED","file":"/Publication/UserGuide.md","tags":{"FILE_LINE_OF_CODE":"49"}}
{"ts":1719563871901,"action":"FILE_CLOSED","file":"/Publication/UserGuide.md","tags":{"FILE_LINE_OF_CODE":"49"}}
{"ts":1719563881144,"action":"FILE_OPENED","file":"/Publication/UserGuide.md","tags":{"FILE_LINE_OF_CODE":"49"}}
{"ts":1719563916093,"action":"IDE_DEACTIVATED"}
{"ts":1719564002069,"action":"IDE_ACTIVATED"}
{"ts":1719564043281,"action":"IDE_DEACTIVATED"}
{"ts":1719564054496,"action":"IDE_ACTIVATED"}
{"ts":1719564054865,"action":"IDE_DEACTIVATED"}
{"ts":1719564056695,"action":"IDE_ACTIVATED"}
{"ts":1719564068471,"action":"IDE_DEACTIVATED"}
{"ts":1719564068664,"action":"IDE_ACTIVATED"}
{"ts":1719564069575,"action":"IDE_DEACTIVATED"}
{"ts":1719564075592,"action":"IDE_ACTIVATED"}
{"ts":1719564088116,"action":"IDE_DEACTIVATED"}
{"ts":1719564109446,"action":"IDE_ACTIVATED"}
{"ts":1719564246468,"action":"IDE_DEACTIVATED"}
{"ts":1719564259337,"action":"IDE_ACTIVATED"}
{"ts":1719564306248,"action":"IDE_DEACTIVATED"}
{"ts":1719564323127,"action":"IDE_ACTIVATED"}
{"ts":1719564536503,"action":"IDE_DEACTIVATED"}
{"ts":1719564563148,"action":"IDE_ACTIVATED"}
{"ts":1719564737818,"action":"IDE_DEACTIVATED"}
{"ts":1719564749785,"action":"IDE_ACTIVATED"}
{"ts":1719564762613,"action":"IDE_DEACTIVATED"}
{"ts":1719564765693,"action":"IDE_ACTIVATED"}
{"ts":1719564793219,"action":"IDE_DEACTIVATED"}
{"ts":1719564806487,"action":"IDE_ACTIVATED"}
{"ts":1719564824273,"action":"IDE_DEACTIVATED"}
{"ts":1719564836149,"action":"IDE_ACTIVATED"}
{"ts":1719564852793,"action":"IDE_DEACTIVATED"}
{"ts":1719564868509,"action":"IDE_ACTIVATED"}
{"ts":1719564876645,"action":"IDE_DEACTIVATED"}
{"ts":1719564879186,"action":"IDE_ACTIVATED"}
{"ts":1719564919844,"action":"IDE_DEACTIVATED"}
{"ts":1719564937182,"action":"IDE_ACTIVATED"}
{"ts":1719564999182,"action":"IDE_DEACTIVATED"}
{"ts":1719565001337,"action":"IDE_ACTIVATED"}
{"ts":1719565017943,"action":"IDE_DEACTIVATED"}
{"ts":1719565028041,"action":"IDE_ACTIVATED"}
{"ts":1719565052097,"action":"IDE_DEACTIVATED"}
{"ts":1719565064087,"action":"IDE_ACTIVATED"}
{"ts":1719565092651,"action":"IDE_DEACTIVATED"}
{"ts":1719565100762,"action":"IDE_ACTIVATED"}
{"ts":1719565100795,"action":"IDE_DEACTIVATED"}
{"ts":1719565110409,"action":"IDE_ACTIVATED"}
{"ts":1719565110470,"action":"IDE_DEACTIVATED"}
{"ts":1719565114024,"action":"IDE_ACTIVATED"}
{"ts":1719565114054,"action":"IDE_DEACTIVATED"}
{"ts":1719565126036,"action":"IDE_ACTIVATED"}
{"ts":1719565126075,"action":"IDE_DEACTIVATED"}
{"ts":1719565133562,"action":"IDE_ACTIVATED"}
{"ts":1719565133595,"action":"IDE_DEACTIVATED"}
{"ts":1719565155051,"action":"IDE_ACTIVATED"}
{"ts":1719565170323,"action":"IDE_DEACTIVATED"}
{"ts":1719565187171,"action":"IDE_ACTIVATED"}
{"ts":1719565230237,"action":"IDE_DEACTIVATED"}
{"ts":1719565231751,"action":"IDE_ACTIVATED"}
{"ts":1719565285868,"action":"IDE_DEACTIVATED"}
{"ts":1719565298733,"action":"IDE_ACTIVATED"}
{"ts":1719565298767,"action":"IDE_DEACTIVATED"}
{"ts":1719565304681,"action":"IDE_ACTIVATED"}
{"ts":1719565304715,"action":"IDE_DEACTIVATED"}
{"ts":1719565315537,"action":"IDE_ACTIVATED"}
{"ts":1719565400526,"action":"FILE_CLOSED","file":"/Publication/UserGuide.md","tags":{"FILE_LINE_OF_CODE":"98"}}
{"ts":1719565403849,"action":"FILE_OPENED","file":"/Publication/UserGuide.md","tags":{"FILE_LINE_OF_CODE":"98"}}
{"ts":1719565405257,"action":"FILE_CLOSED","file":"/Publication/UserGuide.md","tags":{"FILE_LINE_OF_CODE":"98"}}
{"ts":1719565407907,"action":"FILE_OPENED","file":"/Publication/UserGuide.md","tags":{"FILE_LINE_OF_CODE":"98"}}
{"ts":1719565411206,"action":"FILE_CLOSED","file":"/Publication/UserGuide.md","tags":{"FILE_LINE_OF_CODE":"98"}}
{"ts":1719565414652,"action":"FILE_OPENED","file":"/Publication/UserGuide.md","tags":{"FILE_LINE_OF_CODE":"98"}}
{"ts":1719565512490,"action":"IDE_DEACTIVATED"}
{"ts":1719565515201,"action":"IDE_ACTIVATED"}
{"ts":1719565542501,"action":"IDE_DEACTIVATED"}
{"ts":1719565551637,"action":"IDE_ACTIVATED"}
{"ts":1719565648964,"action":"FILE_CLOSED","file":"/Publication/Pic/doc_img/UserGuide.md","tags":{"FILE_LINE_OF_CODE":"101"}}
{"ts":1719565650587,"action":"FILE_OPENED","file":"/Publication/Pic/doc_img/UserGuide.md","tags":{"FILE_LINE_OF_CODE":"101"}}
{"ts":1719565664399,"action":"IDE_DEACTIVATED"}
{"ts":1719565674731,"action":"IDE_ACTIVATED"}
{"ts":1719565676295,"action":"IDE_DEACTIVATED"}
{"ts":1719565680538,"action":"IDE_ACTIVATED"}
{"ts":1719565688965,"action":"IDE_DEACTIVATED"}
{"ts":1719565696736,"action":"IDE_ACTIVATED"}
{"ts":1719565706725,"action":"IDE_DEACTIVATED"}
{"ts":1719565746795,"action":"IDE_ACTIVATED"}
{"ts":1719565764223,"action":"IDE_DEACTIVATED"}
{"ts":1719565780794,"action":"IDE_ACTIVATED"}
{"ts":1719565831034,"action":"IDE_DEACTIVATED"}
{"ts":1719565882423,"action":"IDE_ACTIVATED"}
{"ts":1719566038132,"action":"IDE_DEACTIVATED"}
{"ts":1719566045313,"action":"IDE_ACTIVATED"}
{"ts":1719566046626,"action":"IDE_DEACTIVATED"}
{"ts":1719566047408,"action":"IDE_ACTIVATED"}
{"ts":1719566047963,"action":"IDE_DEACTIVATED"}
{"ts":1719566062473,"action":"IDE_ACTIVATED"}
{"ts":1719566087653,"action":"IDE_DEACTIVATED"}
{"ts":1719566100655,"action":"IDE_ACTIVATED"}
{"ts":1719566182289,"action":"IDE_DEACTIVATED"}
{"ts":1719566190269,"action":"IDE_ACTIVATED"}
{"ts":1719566249613,"action":"IDE_DEACTIVATED"}
{"ts":1719566254523,"action":"IDE_ACTIVATED"}
{"ts":1719566284085,"action":"IDE_DEACTIVATED"}
{"ts":1719566309486,"action":"IDE_ACTIVATED"}
{"ts":1719566337269,"action":"IDE_DEACTIVATED"}
{"ts":1719566350359,"action":"IDE_ACTIVATED"}
{"ts":1719566353201,"action":"IDE_DEACTIVATED"}
{"ts":1719566362968,"action":"IDE_ACTIVATED"}
{"ts":1719566391732,"action":"IDE_DEACTIVATED"}
{"ts":1719566413336,"action":"IDE_ACTIVATED"}
{"ts":1719566455280,"action":"IDE_DEACTIVATED"}
{"ts":1719566486911,"action":"IDE_ACTIVATED"}
{"ts":1719566597492,"action":"IDE_DEACTIVATED"}
{"ts":1719566621741,"action":"IDE_ACTIVATED"}
{"ts":1719566638265,"action":"IDE_DEACTIVATED"}
{"ts":1719566690101,"action":"IDE_ACTIVATED"}
{"ts":1719566707993,"action":"FILE_CLOSED","file":"/Publication/Pic/doc_img/UserGuide.md","tags":{"FILE_LINE_OF_CODE":"136"}}
{"ts":1719566709858,"action":"FILE_OPENED","file":"/Publication/Pic/doc_img/UserGuide.md","tags":{"FILE_LINE_OF_CODE":"136"}}
{"ts":1719566737404,"action":"IDE_DEACTIVATED"}
{"ts":1719566747950,"action":"IDE_ACTIVATED"}
{"ts":1719566819378,"action":"IDE_DEACTIVATED"}
{"ts":1719566828197,"action":"IDE_ACTIVATED"}
{"ts":1719566834422,"action":"IDE_DEACTIVATED"}
{"ts":1719566852621,"action":"IDE_ACTIVATED"}
{"ts":1719566912611,"action":"IDE_DEACTIVATED"}
{"ts":1719566913989,"action":"IDE_ACTIVATED"}
{"ts":1719566915472,"action":"FILE_CLOSED","file":"/Publication/Pic/doc_img/UserGuide.md","tags":{"FILE_LINE_OF_CODE":"135"}}
{"ts":1719566915478,"action":"FILE_OPENED","file":"/README.md","tags":{"FILE_LINE_OF_CODE":"157"}}
{"ts":1719566916676,"action":"IDE_DEACTIVATED"}
{"ts":1719566931127,"action":"IDE_ACTIVATED"}
{"ts":1719566962215,"action":"FILE_CLOSED","file":"/README.md","tags":{"FILE_LINE_OF_CODE":"157"}}
{"ts":1719566962218,"action":"FILE_OPENED","file":"/.gitignore","tags":{"FILE_LINE_OF_CODE":"40"}}
{"ts":1719566963555,"action":"FILE_CLOSED","file":"/.gitignore","tags":{"FILE_LINE_OF_CODE":"40"}}
{"ts":1719566963555,"action":"FILE_OPENED","file":"/Publication/UserGuide.md","tags":{"FILE_LINE_OF_CODE":"135"}}
{"ts":1719566982730,"action":"IDE_DEACTIVATED"}
